audit ALTER ANY CLUSTER;                                                                                                                                                                                
audit ALTER ANY INDEX;                                                                                                                                                                                  
audit ALTER ANY INDEXTYPE;                                                                                                                                                                              
audit ALTER ANY LIBRARY;                                                                                                                                                                                
audit ALTER ANY PROCEDURE;                                                                                                                                                                              
audit ALTER ANY SEQUENCE;                                                                                                                                                                               
audit ALTER ANY TABLE;                                                                                                                                                                                  
audit ALTER ANY TRIGGER;                                                                                                                                                                                
audit ALTER TABLESPACE;                                                                                                                                                                                 
audit CREATE ANY CLUSTER;                                                                                                                                                                               
audit CREATE ANY INDEX;                                                                                                                                                                                 
audit CREATE ANY INDEXTYPE;                                                                                                                                                                             
audit CREATE ANY LIBRARY;                                                                                                                                                                               
audit CREATE ANY PROCEDURE;                                                                                                                                                                             
audit CREATE ANY SEQUENCE;                                                                                                                                                                              
audit CREATE ANY TABLE;                                                                                                                                                                                 
audit CREATE ANY TRIGGER;                                                                                                                                                                               
audit CREATE CLUSTER;                                                                                                                                                                                   
audit CREATE INDEXTYPE;                                                                                                                                                                                 
audit CREATE LIBRARY;                                                                                                                                                                                   
audit CREATE PROCEDURE;                                                                                                                                                                                 
audit CREATE SEQUENCE;                                                                                                                                                                                  
audit CREATE TABLE;                                                                                                                                                                                     
audit CREATE TABLESPACE;                                                                                                                                                                                
audit CREATE TRIGGER;                                                                                                                                                                                   
audit DROP ANY CLUSTER;                                                                                                                                                                                 
audit DROP ANY INDEX;                                                                                                                                                                                   
audit DROP ANY INDEXTYPE;                                                                                                                                                                               
audit DROP ANY LIBRARY;                                                                                                                                                                                 
audit DROP ANY PROCEDURE;                                                                                                                                                                               
audit DROP ANY SEQUENCE;                                                                                                                                                                                
audit DROP ANY TABLE;                                                                                                                                                                                   
audit DROP ANY TRIGGER;                                                                                                                                                                                 
audit DROP TABLESPACE;                                                                                                                                                                                  
audit EXECUTE ANY INDEXTYPE;                                                                                                                                                                            
audit EXECUTE ANY LIBRARY;                                                                                                                                                                              
audit EXECUTE ANY PROCEDURE;                                                                                                                                                                            
